<?xml version="1.0" encoding="UTF-8" ?>
<testsuite failures="0" time="5.094" errors="1" skipped="0" tests="1" name="org.hhwy.fweb1.test.ArrearsServiceTest">
  <properties>
[...]
</properties>
  <testcase time="5.094" classname="org.hhwy.fweb1.test.ArrearsServiceTest" name="allServiceTest">
    <error message="
### Error updating database.  Cause: com.mysql.jdbc.exceptions.jdbc4.MySQLSyntaxErrorException: Unknown column &apos;funds_using&apos; in &apos;field list&apos;
### The error may involve org.hhwy.fweb1.mapper.ArrearsMapper.insert-Inline
### The error occurred while setting parameters
### SQL: insert into t_arrears(id, project_id, arrears_type, pay_type, amount,   interest_amount, interest_rate, bank_account, bank_name, trice,   create_time, create_user, update_time, update_user, description,   funds_using) values ( ?, ?, ?, ?,   ?, ?, ?, ?,   ?, ?, ?, ?, ?,   ?, ?, ? )
### Cause: com.mysql.jdbc.exceptions.jdbc4.MySQLSyntaxErrorException: Unknown column &apos;funds_using&apos; in &apos;field list&apos;
; bad SQL grammar []; nested exception is com.mysql.jdbc.exceptions.jdbc4.MySQLSyntaxErrorException: Unknown column &apos;funds_using&apos; in &apos;field list&apos;" type="org.springframework.jdbc.BadSqlGrammarException">org.springframework.jdbc.BadSqlGrammarException: 
### Error updating database.  Cause: com.mysql.jdbc.exceptions.jdbc4.MySQLSyntaxErrorException: Unknown column &apos;funds_using&apos; in &apos;field list&apos;
### The error may involve org.hhwy.fweb1.mapper.ArrearsMapper.insert-Inline
### The error occurred while setting parameters
### SQL: insert into t_arrears(id, project_id, arrears_type, pay_type, amount,   interest_amount, interest_rate, bank_account, bank_name, trice,   create_time, create_user, update_time, update_user, description,   funds_using) values ( ?, ?, ?, ?,   ?, ?, ?, ?,   ?, ?, ?, ?, ?,   ?, ?, ? )
### Cause: com.mysql.jdbc.exceptions.jdbc4.MySQLSyntaxErrorException: Unknown column &apos;funds_using&apos; in &apos;field list&apos;
; bad SQL grammar []; nested exception is com.mysql.jdbc.exceptions.jdbc4.MySQLSyntaxErrorException: Unknown column &apos;funds_using&apos; in &apos;field list&apos;
	at org.springframework.jdbc.support.SQLErrorCodeSQLExceptionTranslator.doTranslate(SQLErrorCodeSQLExceptionTranslator.java:237)
	at org.springframework.jdbc.support.AbstractFallbackSQLExceptionTranslator.translate(AbstractFallbackSQLExceptionTranslator.java:72)
	at org.mybatis.spring.MyBatisExceptionTranslator.translateExceptionIfPossible(MyBatisExceptionTranslator.java:73)
	at org.mybatis.spring.SqlSessionTemplate$SqlSessionInterceptor.invoke(SqlSessionTemplate.java:371)
	at com.sun.proxy.$Proxy15.insert(Unknown Source)
	at org.mybatis.spring.SqlSessionTemplate.insert(SqlSessionTemplate.java:240)
	at org.apache.ibatis.binding.MapperMethod.execute(MapperMethod.java:51)
	at org.apache.ibatis.binding.MapperProxy.invoke(MapperProxy.java:52)
	at com.sun.proxy.$Proxy17.insert(Unknown Source)
	at org.hhwy.fweb1.service.ArrearsService.insert(ArrearsService.java:17)
	at org.hhwy.fweb1.test.ArrearsServiceTest.allServiceTest(ArrearsServiceTest.java:51)
	at sun.reflect.NativeMethodAccessorImpl.invoke0(Native Method)
	at sun.reflect.NativeMethodAccessorImpl.invoke(NativeMethodAccessorImpl.java:57)
	at sun.reflect.DelegatingMethodAccessorImpl.invoke(DelegatingMethodAccessorImpl.java:43)
	at java.lang.reflect.Method.invoke(Method.java:606)
	at org.junit.runners.model.FrameworkMethod$1.runReflectiveCall(FrameworkMethod.java:44)
	at org.junit.internal.runners.model.ReflectiveCallable.run(ReflectiveCallable.java:15)
	at org.junit.runners.model.FrameworkMethod.invokeExplosively(FrameworkMethod.java:41)
	at org.junit.internal.runners.statements.InvokeMethod.evaluate(InvokeMethod.java:20)
	at org.springframework.test.context.junit4.statements.RunBeforeTestMethodCallbacks.evaluate(RunBeforeTestMethodCallbacks.java:74)
	at org.springframework.test.context.junit4.statements.RunAfterTestMethodCallbacks.evaluate(RunAfterTestMethodCallbacks.java:83)
	at org.springframework.test.context.junit4.statements.SpringRepeat.evaluate(SpringRepeat.java:72)
	at org.springframework.test.context.junit4.SpringJUnit4ClassRunner.runChild(SpringJUnit4ClassRunner.java:231)
	at org.springframework.test.context.junit4.SpringJUnit4ClassRunner.runChild(SpringJUnit4ClassRunner.java:88)
	at org.junit.runners.ParentRunner$3.run(ParentRunner.java:231)
	at org.junit.runners.ParentRunner$1.schedule(ParentRunner.java:60)
	at org.junit.runners.ParentRunner.runChildren(ParentRunner.java:229)
	at org.junit.runners.ParentRunner.access$000(ParentRunner.java:50)
	at org.junit.runners.ParentRunner$2.evaluate(ParentRunner.java:222)
	at org.springframework.test.context.junit4.statements.RunBeforeTestClassCallbacks.evaluate(RunBeforeTestClassCallbacks.java:61)
	at org.springframework.test.context.junit4.statements.RunAfterTestClassCallbacks.evaluate(RunAfterTestClassCallbacks.java:71)
	at org.junit.runners.ParentRunner.run(ParentRunner.java:292)
	at org.springframework.test.context.junit4.SpringJUnit4ClassRunner.run(SpringJUnit4ClassRunner.java:174)
	at org.apache.maven.surefire.junit4.JUnit4Provider.execute(JUnit4Provider.java:252)
	at org.apache.maven.surefire.junit4.JUnit4Provider.executeTestSet(JUnit4Provider.java:141)
	at org.apache.maven.surefire.junit4.JUnit4Provider.invoke(JUnit4Provider.java:112)
	at sun.reflect.NativeMethodAccessorImpl.invoke0(Native Method)
	at sun.reflect.NativeMethodAccessorImpl.invoke(NativeMethodAccessorImpl.java:57)
	at sun.reflect.DelegatingMethodAccessorImpl.invoke(DelegatingMethodAccessorImpl.java:43)
	at java.lang.reflect.Method.invoke(Method.java:606)
	at org.apache.maven.surefire.util.ReflectionUtils.invokeMethodWithArray(ReflectionUtils.java:189)
	at org.apache.maven.surefire.booter.ProviderFactory$ProviderProxy.invoke(ProviderFactory.java:165)
	at org.apache.maven.surefire.booter.ProviderFactory.invokeProvider(ProviderFactory.java:85)
	at org.apache.maven.surefire.booter.ForkedBooter.runSuitesInProcess(ForkedBooter.java:115)
	at org.apache.maven.surefire.booter.ForkedBooter.main(ForkedBooter.java:75)
Caused by: com.mysql.jdbc.exceptions.jdbc4.MySQLSyntaxErrorException: Unknown column &apos;funds_using&apos; in &apos;field list&apos;
	at sun.reflect.NativeConstructorAccessorImpl.newInstance0(Native Method)
	at sun.reflect.NativeConstructorAccessorImpl.newInstance(NativeConstructorAccessorImpl.java:57)
	at sun.reflect.DelegatingConstructorAccessorImpl.newInstance(DelegatingConstructorAccessorImpl.java:45)
	at java.lang.reflect.Constructor.newInstance(Constructor.java:526)
	at com.mysql.jdbc.Util.handleNewInstance(Util.java:408)
	at com.mysql.jdbc.Util.getInstance(Util.java:383)
	at com.mysql.jdbc.SQLError.createSQLException(SQLError.java:1062)
	at com.mysql.jdbc.MysqlIO.checkErrorPacket(MysqlIO.java:4226)
	at com.mysql.jdbc.MysqlIO.checkErrorPacket(MysqlIO.java:4158)
	at com.mysql.jdbc.MysqlIO.sendCommand(MysqlIO.java:2615)
	at com.mysql.jdbc.MysqlIO.sqlQueryDirect(MysqlIO.java:2776)
	at com.mysql.jdbc.ConnectionImpl.execSQL(ConnectionImpl.java:2840)
	at com.mysql.jdbc.PreparedStatement.executeInternal(PreparedStatement.java:2082)
	at com.mysql.jdbc.PreparedStatement.execute(PreparedStatement.java:1302)
	at com.mchange.v2.c3p0.impl.NewProxyPreparedStatement.execute(NewProxyPreparedStatement.java:823)
	at org.apache.ibatis.executor.statement.PreparedStatementHandler.update(PreparedStatementHandler.java:44)
	at org.apache.ibatis.executor.statement.RoutingStatementHandler.update(RoutingStatementHandler.java:69)
	at org.apache.ibatis.executor.SimpleExecutor.doUpdate(SimpleExecutor.java:48)
	at org.apache.ibatis.executor.BaseExecutor.update(BaseExecutor.java:105)
	at org.apache.ibatis.session.defaults.DefaultSqlSession.update(DefaultSqlSession.java:152)
	at org.apache.ibatis.session.defaults.DefaultSqlSession.insert(DefaultSqlSession.java:141)
	at sun.reflect.NativeMethodAccessorImpl.invoke0(Native Method)
	at sun.reflect.NativeMethodAccessorImpl.invoke(NativeMethodAccessorImpl.java:57)
	at sun.reflect.DelegatingMethodAccessorImpl.invoke(DelegatingMethodAccessorImpl.java:43)
	at java.lang.reflect.Method.invoke(Method.java:606)
	at org.mybatis.spring.SqlSessionTemplate$SqlSessionInterceptor.invoke(SqlSessionTemplate.java:358)
	... 41 more
</error>
    <system-err>七月 21, 2014 11:03:55 下午 org.springframework.beans.factory.xml.XmlBeanDefinitionReader loadBeanDefinitions
信息: Loading XML bean definitions from URL [file:src/main/resources/applicationContext.xml]
七月 21, 2014 11:03:55 下午 org.springframework.context.support.GenericApplicationContext prepareRefresh
信息: Refreshing org.springframework.context.support.GenericApplicationContext@70c242: startup date [Mon Jul 21 23:03:55 CST 2014]; root of context hierarchy
七月 21, 2014 11:03:56 下午 org.springframework.beans.factory.support.DefaultListableBeanFactory preInstantiateSingletons
信息: Pre-instantiating singletons in org.springframework.beans.factory.support.DefaultListableBeanFactory@19ab59a: defining beans [dataSource,transactionManager,sqlSessionFactory,messageSource,org.mybatis.spring.mapper.MapperScannerConfigurer#0,arrearsRestAPIController,chopRestAPIController,collectionsRestAPIController,contractChangeRestAPIController,customerBillingRestAPIController,fieldTypesRestAPIController,informationRestAPIController,partyBillingRestAPIController,paymentItemRestAPIController,paymentRestAPIController,profileRestAPIController,projectRestAPIController,projectSummaryRestAPIController,sysAuthorizationRestAPIController,sysOrganizationRestAPIController,sysParameterRestAPIController,sysResourceRestAPIController,sysUserRestAPIController,arrearsService,chopService,collectionsService,contractChangeService,customerBillingService,fieldTypesService,informationService,partyBillingService,paymentItemService,paymentService,profileService,projectService,projectSummaryService,sysAuthorizationService,sysOrganizationService,sysParameterService,sysResourceService,sysUserService,org.springframework.context.annotation.internalConfigurationAnnotationProcessor,org.springframework.context.annotation.internalAutowiredAnnotationProcessor,org.springframework.context.annotation.internalRequiredAnnotationProcessor,org.springframework.context.annotation.internalCommonAnnotationProcessor,mvcContentNegotiationManager,org.springframework.web.servlet.mvc.method.annotation.RequestMappingHandlerMapping#0,org.springframework.format.support.FormattingConversionServiceFactoryBean#0,org.springframework.validation.beanvalidation.LocalValidatorFactoryBean#0,org.springframework.web.servlet.mvc.method.annotation.RequestMappingHandlerAdapter#0,org.springframework.web.servlet.handler.MappedInterceptor#0,org.springframework.web.servlet.mvc.method.annotation.ExceptionHandlerExceptionResolver#0,org.springframework.web.servlet.mvc.annotation.ResponseStatusExceptionResolver#0,org.springframework.web.servlet.mvc.support.DefaultHandlerExceptionResolver#0,org.springframework.web.servlet.handler.BeanNameUrlHandlerMapping,org.springframework.web.servlet.mvc.HttpRequestHandlerAdapter,org.springframework.web.servlet.mvc.SimpleControllerHandlerAdapter,org.springframework.web.servlet.resource.ResourceHttpRequestHandler#0,org.springframework.web.servlet.handler.SimpleUrlHandlerMapping#0,viewResolver,org.springframework.context.annotation.ConfigurationClassPostProcessor.importAwareProcessor,arrearsMapper,chopMapper,collectionsMapper,contractChangeMapper,customerBillingMapper,fieldTypesMapper,informationMapper,partyBillingMapper,paymentItemMapper,paymentMapper,profileMapper,projectMapper,projectSummaryMapper,sysAuthorizationMapper,sysOrganizationMapper,sysParameterMapper,sysResourceMapper,sysUserMapper]; root of factory hierarchy
七月 21, 2014 11:03:56 下午 com.mchange.v2.log.MLog &lt;clinit&gt;
信息: MLog clients using java 1.4+ standard logging.
七月 21, 2014 11:03:56 下午 com.mchange.v2.c3p0.C3P0Registry banner
信息: Initializing c3p0-0.9.2.1 [built 20-March-2013 10:47:27 +0000; debug? true; trace: 10]
七月 21, 2014 11:03:58 下午 org.springframework.web.servlet.mvc.method.annotation.RequestMappingHandlerMapping registerHandlerMethod
信息: Mapped &quot;{[/api/arrears/{id}],methods=[GET],params=[],headers=[],consumes=[],produces=[application/json;charset=UTF-8],custom=[]}&quot; onto public org.hhwy.fweb1.domain.Arrears org.hhwy.fweb1.restapi.ArrearsRestAPIController.get(java.lang.String)
七月 21, 2014 11:03:58 下午 org.springframework.web.servlet.mvc.method.annotation.RequestMappingHandlerMapping registerHandlerMethod
信息: Mapped &quot;{[/api/arrears],methods=[GET],params=[],headers=[],consumes=[],produces=[application/json;charset=UTF-8],custom=[]}&quot; onto public java.util.List&lt;org.hhwy.fweb1.domain.Arrears&gt; org.hhwy.fweb1.restapi.ArrearsRestAPIController.get()
七月 21, 2014 11:03:58 下午 org.springframework.web.servlet.mvc.method.annotation.RequestMappingHandlerMapping registerHandlerMethod
信息: Mapped &quot;{[/api/arrears/{id}],methods=[PUT],params=[],headers=[],consumes=[],produces=[application/json;charset=UTF-8],custom=[]}&quot; onto public java.lang.String org.hhwy.fweb1.restapi.ArrearsRestAPIController.put(org.hhwy.fweb1.domain.Arrears)
七月 21, 2014 11:03:58 下午 org.springframework.web.servlet.mvc.method.annotation.RequestMappingHandlerMapping registerHandlerMethod
信息: Mapped &quot;{[/api/arrears/{id}],methods=[DELETE],params=[],headers=[],consumes=[],produces=[application/json;charset=UTF-8],custom=[]}&quot; onto public java.lang.String org.hhwy.fweb1.restapi.ArrearsRestAPIController.delete(java.lang.String)
七月 21, 2014 11:03:58 下午 org.springframework.web.servlet.mvc.method.annotation.RequestMappingHandlerMapping registerHandlerMethod
信息: Mapped &quot;{[/api/arrears/{id}],methods=[POST],params=[],headers=[],consumes=[],produces=[application/json;charset=UTF-8],custom=[]}&quot; onto public java.lang.String org.hhwy.fweb1.restapi.ArrearsRestAPIController.post(org.hhwy.fweb1.domain.Arrears)
七月 21, 2014 11:03:58 下午 org.springframework.web.servlet.mvc.method.annotation.RequestMappingHandlerMapping registerHandlerMethod
信息: Mapped &quot;{[/api/chop/{id}],methods=[GET],params=[],headers=[],consumes=[],produces=[application/json;charset=UTF-8],custom=[]}&quot; onto public org.hhwy.fweb1.domain.Chop org.hhwy.fweb1.restapi.ChopRestAPIController.get(java.lang.String)
七月 21, 2014 11:03:58 下午 org.springframework.web.servlet.mvc.method.annotation.RequestMappingHandlerMapping registerHandlerMethod
信息: Mapped &quot;{[/api/chop],methods=[GET],params=[],headers=[],consumes=[],produces=[application/json;charset=UTF-8],custom=[]}&quot; onto public java.util.List&lt;org.hhwy.fweb1.domain.Chop&gt; org.hhwy.fweb1.restapi.ChopRestAPIController.get()
七月 21, 2014 11:03:58 下午 org.springframework.web.servlet.mvc.method.annotation.RequestMappingHandlerMapping registerHandlerMethod
信息: Mapped &quot;{[/api/chop/{id}],methods=[PUT],params=[],headers=[],consumes=[],produces=[application/json;charset=UTF-8],custom=[]}&quot; onto public java.lang.String org.hhwy.fweb1.restapi.ChopRestAPIController.put(org.hhwy.fweb1.domain.Chop)
七月 21, 2014 11:03:58 下午 org.springframework.web.servlet.mvc.method.annotation.RequestMappingHandlerMapping registerHandlerMethod
信息: Mapped &quot;{[/api/chop/{id}],methods=[DELETE],params=[],headers=[],consumes=[],produces=[application/json;charset=UTF-8],custom=[]}&quot; onto public java.lang.String org.hhwy.fweb1.restapi.ChopRestAPIController.delete(java.lang.String)
七月 21, 2014 11:03:58 下午 org.springframework.web.servlet.mvc.method.annotation.RequestMappingHandlerMapping registerHandlerMethod
信息: Mapped &quot;{[/api/chop/{id}],methods=[POST],params=[],headers=[],consumes=[],produces=[application/json;charset=UTF-8],custom=[]}&quot; onto public java.lang.String org.hhwy.fweb1.restapi.ChopRestAPIController.post(org.hhwy.fweb1.domain.Chop)
七月 21, 2014 11:03:58 下午 org.springframework.web.servlet.mvc.method.annotation.RequestMappingHandlerMapping registerHandlerMethod
信息: Mapped &quot;{[/api/collections/{id}],methods=[GET],params=[],headers=[],consumes=[],produces=[application/json;charset=UTF-8],custom=[]}&quot; onto public org.hhwy.fweb1.domain.Collections org.hhwy.fweb1.restapi.CollectionsRestAPIController.get(java.lang.String)
七月 21, 2014 11:03:58 下午 org.springframework.web.servlet.mvc.method.annotation.RequestMappingHandlerMapping registerHandlerMethod
信息: Mapped &quot;{[/api/collections],methods=[GET],params=[],headers=[],consumes=[],produces=[application/json;charset=UTF-8],custom=[]}&quot; onto public java.util.List&lt;org.hhwy.fweb1.domain.Collections&gt; org.hhwy.fweb1.restapi.CollectionsRestAPIController.get()
七月 21, 2014 11:03:58 下午 org.springframework.web.servlet.mvc.method.annotation.RequestMappingHandlerMapping registerHandlerMethod
信息: Mapped &quot;{[/api/collections/{id}],methods=[PUT],params=[],headers=[],consumes=[],produces=[application/json;charset=UTF-8],custom=[]}&quot; onto public java.lang.String org.hhwy.fweb1.restapi.CollectionsRestAPIController.put(org.hhwy.fweb1.domain.Collections)
七月 21, 2014 11:03:58 下午 org.springframework.web.servlet.mvc.method.annotation.RequestMappingHandlerMapping registerHandlerMethod
信息: Mapped &quot;{[/api/collections/{id}],methods=[DELETE],params=[],headers=[],consumes=[],produces=[application/json;charset=UTF-8],custom=[]}&quot; onto public java.lang.String org.hhwy.fweb1.restapi.CollectionsRestAPIController.delete(java.lang.String)
七月 21, 2014 11:03:58 下午 org.springframework.web.servlet.mvc.method.annotation.RequestMappingHandlerMapping registerHandlerMethod
信息: Mapped &quot;{[/api/collections/{id}],methods=[POST],params=[],headers=[],consumes=[],produces=[application/json;charset=UTF-8],custom=[]}&quot; onto public java.lang.String org.hhwy.fweb1.restapi.CollectionsRestAPIController.post(org.hhwy.fweb1.domain.Collections)
七月 21, 2014 11:03:58 下午 org.springframework.web.servlet.mvc.method.annotation.RequestMappingHandlerMapping registerHandlerMethod
信息: Mapped &quot;{[/api/contractchange/{id}],methods=[GET],params=[],headers=[],consumes=[],produces=[application/json;charset=UTF-8],custom=[]}&quot; onto public org.hhwy.fweb1.domain.ContractChange org.hhwy.fweb1.restapi.ContractChangeRestAPIController.get(java.lang.String)
七月 21, 2014 11:03:58 下午 org.springframework.web.servlet.mvc.method.annotation.RequestMappingHandlerMapping registerHandlerMethod
信息: Mapped &quot;{[/api/contractchange],methods=[GET],params=[],headers=[],consumes=[],produces=[application/json;charset=UTF-8],custom=[]}&quot; onto public java.util.List&lt;org.hhwy.fweb1.domain.ContractChange&gt; org.hhwy.fweb1.restapi.ContractChangeRestAPIController.get()
七月 21, 2014 11:03:58 下午 org.springframework.web.servlet.mvc.method.annotation.RequestMappingHandlerMapping registerHandlerMethod
信息: Mapped &quot;{[/api/contractchange/{id}],methods=[PUT],params=[],headers=[],consumes=[],produces=[application/json;charset=UTF-8],custom=[]}&quot; onto public java.lang.String org.hhwy.fweb1.restapi.ContractChangeRestAPIController.put(org.hhwy.fweb1.domain.ContractChange)
七月 21, 2014 11:03:58 下午 org.springframework.web.servlet.mvc.method.annotation.RequestMappingHandlerMapping registerHandlerMethod
信息: Mapped &quot;{[/api/contractchange/{id}],methods=[DELETE],params=[],headers=[],consumes=[],produces=[application/json;charset=UTF-8],custom=[]}&quot; onto public java.lang.String org.hhwy.fweb1.restapi.ContractChangeRestAPIController.delete(java.lang.String)
七月 21, 2014 11:03:58 下午 org.springframework.web.servlet.mvc.method.annotation.RequestMappingHandlerMapping registerHandlerMethod
信息: Mapped &quot;{[/api/contractchange/{id}],methods=[POST],params=[],headers=[],consumes=[],produces=[application/json;charset=UTF-8],custom=[]}&quot; onto public java.lang.String org.hhwy.fweb1.restapi.ContractChangeRestAPIController.post(org.hhwy.fweb1.domain.ContractChange)
七月 21, 2014 11:03:58 下午 org.springframework.web.servlet.mvc.method.annotation.RequestMappingHandlerMapping registerHandlerMethod
信息: Mapped &quot;{[/api/customerbilling/{id}],methods=[GET],params=[],headers=[],consumes=[],produces=[application/json;charset=UTF-8],custom=[]}&quot; onto public org.hhwy.fweb1.domain.CustomerBilling org.hhwy.fweb1.restapi.CustomerBillingRestAPIController.get(java.lang.String)
七月 21, 2014 11:03:58 下午 org.springframework.web.servlet.mvc.method.annotation.RequestMappingHandlerMapping registerHandlerMethod
信息: Mapped &quot;{[/api/customerbilling],methods=[GET],params=[],headers=[],consumes=[],produces=[application/json;charset=UTF-8],custom=[]}&quot; onto public java.util.List&lt;org.hhwy.fweb1.domain.CustomerBilling&gt; org.hhwy.fweb1.restapi.CustomerBillingRestAPIController.get()
七月 21, 2014 11:03:58 下午 org.springframework.web.servlet.mvc.method.annotation.RequestMappingHandlerMapping registerHandlerMethod
信息: Mapped &quot;{[/api/customerbilling/{id}],methods=[PUT],params=[],headers=[],consumes=[],produces=[application/json;charset=UTF-8],custom=[]}&quot; onto public java.lang.String org.hhwy.fweb1.restapi.CustomerBillingRestAPIController.put(org.hhwy.fweb1.domain.CustomerBilling)
七月 21, 2014 11:03:58 下午 org.springframework.web.servlet.mvc.method.annotation.RequestMappingHandlerMapping registerHandlerMethod
信息: Mapped &quot;{[/api/customerbilling/{id}],methods=[DELETE],params=[],headers=[],consumes=[],produces=[application/json;charset=UTF-8],custom=[]}&quot; onto public java.lang.String org.hhwy.fweb1.restapi.CustomerBillingRestAPIController.delete(java.lang.String)
七月 21, 2014 11:03:58 下午 org.springframework.web.servlet.mvc.method.annotation.RequestMappingHandlerMapping registerHandlerMethod
信息: Mapped &quot;{[/api/customerbilling/{id}],methods=[POST],params=[],headers=[],consumes=[],produces=[application/json;charset=UTF-8],custom=[]}&quot; onto public java.lang.String org.hhwy.fweb1.restapi.CustomerBillingRestAPIController.post(org.hhwy.fweb1.domain.CustomerBilling)
七月 21, 2014 11:03:58 下午 org.springframework.web.servlet.mvc.method.annotation.RequestMappingHandlerMapping registerHandlerMethod
信息: Mapped &quot;{[/api/fieldtypes/{id}],methods=[GET],params=[],headers=[],consumes=[],produces=[application/json;charset=UTF-8],custom=[]}&quot; onto public org.hhwy.fweb1.domain.FieldTypes org.hhwy.fweb1.restapi.FieldTypesRestAPIController.get(java.lang.String)
七月 21, 2014 11:03:58 下午 org.springframework.web.servlet.mvc.method.annotation.RequestMappingHandlerMapping registerHandlerMethod
信息: Mapped &quot;{[/api/fieldtypes],methods=[GET],params=[],headers=[],consumes=[],produces=[application/json;charset=UTF-8],custom=[]}&quot; onto public java.util.List&lt;org.hhwy.fweb1.domain.FieldTypes&gt; org.hhwy.fweb1.restapi.FieldTypesRestAPIController.get()
七月 21, 2014 11:03:58 下午 org.springframework.web.servlet.mvc.method.annotation.RequestMappingHandlerMapping registerHandlerMethod
信息: Mapped &quot;{[/api/fieldtypes/{id}],methods=[PUT],params=[],headers=[],consumes=[],produces=[application/json;charset=UTF-8],custom=[]}&quot; onto public java.lang.String org.hhwy.fweb1.restapi.FieldTypesRestAPIController.put(org.hhwy.fweb1.domain.FieldTypes)
七月 21, 2014 11:03:58 下午 org.springframework.web.servlet.mvc.method.annotation.RequestMappingHandlerMapping registerHandlerMethod
信息: Mapped &quot;{[/api/fieldtypes/{id}],methods=[DELETE],params=[],headers=[],consumes=[],produces=[application/json;charset=UTF-8],custom=[]}&quot; onto public java.lang.String org.hhwy.fweb1.restapi.FieldTypesRestAPIController.delete(java.lang.String)
七月 21, 2014 11:03:58 下午 org.springframework.web.servlet.mvc.method.annotation.RequestMappingHandlerMapping registerHandlerMethod
信息: Mapped &quot;{[/api/fieldtypes/{id}],methods=[POST],params=[],headers=[],consumes=[],produces=[application/json;charset=UTF-8],custom=[]}&quot; onto public java.lang.String org.hhwy.fweb1.restapi.FieldTypesRestAPIController.post(org.hhwy.fweb1.domain.FieldTypes)
七月 21, 2014 11:03:58 下午 org.springframework.web.servlet.mvc.method.annotation.RequestMappingHandlerMapping registerHandlerMethod
信息: Mapped &quot;{[/api/information/{id}],methods=[GET],params=[],headers=[],consumes=[],produces=[application/json;charset=UTF-8],custom=[]}&quot; onto public org.hhwy.fweb1.domain.Information org.hhwy.fweb1.restapi.InformationRestAPIController.get(java.lang.String)
七月 21, 2014 11:03:58 下午 org.springframework.web.servlet.mvc.method.annotation.RequestMappingHandlerMapping registerHandlerMethod
信息: Mapped &quot;{[/api/information],methods=[GET],params=[],headers=[],consumes=[],produces=[application/json;charset=UTF-8],custom=[]}&quot; onto public java.util.List&lt;org.hhwy.fweb1.domain.Information&gt; org.hhwy.fweb1.restapi.InformationRestAPIController.get()
七月 21, 2014 11:03:58 下午 org.springframework.web.servlet.mvc.method.annotation.RequestMappingHandlerMapping registerHandlerMethod
信息: Mapped &quot;{[/api/information/{id}],methods=[PUT],params=[],headers=[],consumes=[],produces=[application/json;charset=UTF-8],custom=[]}&quot; onto public java.lang.String org.hhwy.fweb1.restapi.InformationRestAPIController.put(org.hhwy.fweb1.domain.Information)
七月 21, 2014 11:03:58 下午 org.springframework.web.servlet.mvc.method.annotation.RequestMappingHandlerMapping registerHandlerMethod
信息: Mapped &quot;{[/api/information/{id}],methods=[DELETE],params=[],headers=[],consumes=[],produces=[application/json;charset=UTF-8],custom=[]}&quot; onto public java.lang.String org.hhwy.fweb1.restapi.InformationRestAPIController.delete(java.lang.String)
七月 21, 2014 11:03:58 下午 org.springframework.web.servlet.mvc.method.annotation.RequestMappingHandlerMapping registerHandlerMethod
信息: Mapped &quot;{[/api/information/{id}],methods=[POST],params=[],headers=[],consumes=[],produces=[application/json;charset=UTF-8],custom=[]}&quot; onto public java.lang.String org.hhwy.fweb1.restapi.InformationRestAPIController.post(org.hhwy.fweb1.domain.Information)
七月 21, 2014 11:03:58 下午 org.springframework.web.servlet.mvc.method.annotation.RequestMappingHandlerMapping registerHandlerMethod
信息: Mapped &quot;{[/api/partybilling/{id}],methods=[GET],params=[],headers=[],consumes=[],produces=[application/json;charset=UTF-8],custom=[]}&quot; onto public org.hhwy.fweb1.domain.PartyBilling org.hhwy.fweb1.restapi.PartyBillingRestAPIController.get(java.lang.String)
七月 21, 2014 11:03:58 下午 org.springframework.web.servlet.mvc.method.annotation.RequestMappingHandlerMapping registerHandlerMethod
信息: Mapped &quot;{[/api/partybilling],methods=[GET],params=[],headers=[],consumes=[],produces=[application/json;charset=UTF-8],custom=[]}&quot; onto public java.util.List&lt;org.hhwy.fweb1.domain.PartyBilling&gt; org.hhwy.fweb1.restapi.PartyBillingRestAPIController.get()
七月 21, 2014 11:03:58 下午 org.springframework.web.servlet.mvc.method.annotation.RequestMappingHandlerMapping registerHandlerMethod
信息: Mapped &quot;{[/api/partybilling/{id}],methods=[PUT],params=[],headers=[],consumes=[],produces=[application/json;charset=UTF-8],custom=[]}&quot; onto public java.lang.String org.hhwy.fweb1.restapi.PartyBillingRestAPIController.put(org.hhwy.fweb1.domain.PartyBilling)
七月 21, 2014 11:03:58 下午 org.springframework.web.servlet.mvc.method.annotation.RequestMappingHandlerMapping registerHandlerMethod
信息: Mapped &quot;{[/api/partybilling/{id}],methods=[DELETE],params=[],headers=[],consumes=[],produces=[application/json;charset=UTF-8],custom=[]}&quot; onto public java.lang.String org.hhwy.fweb1.restapi.PartyBillingRestAPIController.delete(java.lang.String)
七月 21, 2014 11:03:58 下午 org.springframework.web.servlet.mvc.method.annotation.RequestMappingHandlerMapping registerHandlerMethod
信息: Mapped &quot;{[/api/partybilling/{id}],methods=[POST],params=[],headers=[],consumes=[],produces=[application/json;charset=UTF-8],custom=[]}&quot; onto public java.lang.String org.hhwy.fweb1.restapi.PartyBillingRestAPIController.post(org.hhwy.fweb1.domain.PartyBilling)
七月 21, 2014 11:03:58 下午 org.springframework.web.servlet.mvc.method.annotation.RequestMappingHandlerMapping registerHandlerMethod
信息: Mapped &quot;{[/api/paymentitem/{id}],methods=[GET],params=[],headers=[],consumes=[],produces=[application/json;charset=UTF-8],custom=[]}&quot; onto public org.hhwy.fweb1.domain.PaymentItem org.hhwy.fweb1.restapi.PaymentItemRestAPIController.get(java.lang.String)
七月 21, 2014 11:03:58 下午 org.springframework.web.servlet.mvc.method.annotation.RequestMappingHandlerMapping registerHandlerMethod
信息: Mapped &quot;{[/api/paymentitem],methods=[GET],params=[],headers=[],consumes=[],produces=[application/json;charset=UTF-8],custom=[]}&quot; onto public java.util.List&lt;org.hhwy.fweb1.domain.PaymentItem&gt; org.hhwy.fweb1.restapi.PaymentItemRestAPIController.get()
七月 21, 2014 11:03:58 下午 org.springframework.web.servlet.mvc.method.annotation.RequestMappingHandlerMapping registerHandlerMethod
信息: Mapped &quot;{[/api/paymentitem/{id}],methods=[PUT],params=[],headers=[],consumes=[],produces=[application/json;charset=UTF-8],custom=[]}&quot; onto public java.lang.String org.hhwy.fweb1.restapi.PaymentItemRestAPIController.put(org.hhwy.fweb1.domain.PaymentItem)
七月 21, 2014 11:03:58 下午 org.springframework.web.servlet.mvc.method.annotation.RequestMappingHandlerMapping registerHandlerMethod
信息: Mapped &quot;{[/api/paymentitem/{id}],methods=[DELETE],params=[],headers=[],consumes=[],produces=[application/json;charset=UTF-8],custom=[]}&quot; onto public java.lang.String org.hhwy.fweb1.restapi.PaymentItemRestAPIController.delete(java.lang.String)
七月 21, 2014 11:03:58 下午 org.springframework.web.servlet.mvc.method.annotation.RequestMappingHandlerMapping registerHandlerMethod
信息: Mapped &quot;{[/api/paymentitem/{id}],methods=[POST],params=[],headers=[],consumes=[],produces=[application/json;charset=UTF-8],custom=[]}&quot; onto public java.lang.String org.hhwy.fweb1.restapi.PaymentItemRestAPIController.post(org.hhwy.fweb1.domain.PaymentItem)
七月 21, 2014 11:03:58 下午 org.springframework.web.servlet.mvc.method.annotation.RequestMappingHandlerMapping registerHandlerMethod
信息: Mapped &quot;{[/api/payment/{id}],methods=[GET],params=[],headers=[],consumes=[],produces=[application/json;charset=UTF-8],custom=[]}&quot; onto public org.hhwy.fweb1.domain.Payment org.hhwy.fweb1.restapi.PaymentRestAPIController.get(java.lang.String)
七月 21, 2014 11:03:58 下午 org.springframework.web.servlet.mvc.method.annotation.RequestMappingHandlerMapping registerHandlerMethod
信息: Mapped &quot;{[/api/payment],methods=[GET],params=[],headers=[],consumes=[],produces=[application/json;charset=UTF-8],custom=[]}&quot; onto public java.util.List&lt;org.hhwy.fweb1.domain.Payment&gt; org.hhwy.fweb1.restapi.PaymentRestAPIController.get()
七月 21, 2014 11:03:58 下午 org.springframework.web.servlet.mvc.method.annotation.RequestMappingHandlerMapping registerHandlerMethod
信息: Mapped &quot;{[/api/payment/{id}],methods=[PUT],params=[],headers=[],consumes=[],produces=[application/json;charset=UTF-8],custom=[]}&quot; onto public java.lang.String org.hhwy.fweb1.restapi.PaymentRestAPIController.put(org.hhwy.fweb1.domain.Payment)
七月 21, 2014 11:03:58 下午 org.springframework.web.servlet.mvc.method.annotation.RequestMappingHandlerMapping registerHandlerMethod
信息: Mapped &quot;{[/api/payment/{id}],methods=[DELETE],params=[],headers=[],consumes=[],produces=[application/json;charset=UTF-8],custom=[]}&quot; onto public java.lang.String org.hhwy.fweb1.restapi.PaymentRestAPIController.delete(java.lang.String)
七月 21, 2014 11:03:58 下午 org.springframework.web.servlet.mvc.method.annotation.RequestMappingHandlerMapping registerHandlerMethod
信息: Mapped &quot;{[/api/payment/{id}],methods=[POST],params=[],headers=[],consumes=[],produces=[application/json;charset=UTF-8],custom=[]}&quot; onto public java.lang.String org.hhwy.fweb1.restapi.PaymentRestAPIController.post(org.hhwy.fweb1.domain.Payment)
七月 21, 2014 11:03:58 下午 org.springframework.web.servlet.mvc.method.annotation.RequestMappingHandlerMapping registerHandlerMethod
信息: Mapped &quot;{[/api/profile/{id}],methods=[GET],params=[],headers=[],consumes=[],produces=[application/json;charset=UTF-8],custom=[]}&quot; onto public org.hhwy.fweb1.domain.Profile org.hhwy.fweb1.restapi.ProfileRestAPIController.get(java.lang.String)
七月 21, 2014 11:03:58 下午 org.springframework.web.servlet.mvc.method.annotation.RequestMappingHandlerMapping registerHandlerMethod
信息: Mapped &quot;{[/api/profile],methods=[GET],params=[],headers=[],consumes=[],produces=[application/json;charset=UTF-8],custom=[]}&quot; onto public java.util.List&lt;org.hhwy.fweb1.domain.Profile&gt; org.hhwy.fweb1.restapi.ProfileRestAPIController.get()
七月 21, 2014 11:03:58 下午 org.springframework.web.servlet.mvc.method.annotation.RequestMappingHandlerMapping registerHandlerMethod
信息: Mapped &quot;{[/api/profile/{id}],methods=[PUT],params=[],headers=[],consumes=[],produces=[application/json;charset=UTF-8],custom=[]}&quot; onto public java.lang.String org.hhwy.fweb1.restapi.ProfileRestAPIController.put(org.hhwy.fweb1.domain.Profile)
七月 21, 2014 11:03:58 下午 org.springframework.web.servlet.mvc.method.annotation.RequestMappingHandlerMapping registerHandlerMethod
信息: Mapped &quot;{[/api/profile/{id}],methods=[DELETE],params=[],headers=[],consumes=[],produces=[application/json;charset=UTF-8],custom=[]}&quot; onto public java.lang.String org.hhwy.fweb1.restapi.ProfileRestAPIController.delete(java.lang.String)
七月 21, 2014 11:03:58 下午 org.springframework.web.servlet.mvc.method.annotation.RequestMappingHandlerMapping registerHandlerMethod
信息: Mapped &quot;{[/api/profile/{id}],methods=[POST],params=[],headers=[],consumes=[],produces=[application/json;charset=UTF-8],custom=[]}&quot; onto public java.lang.String org.hhwy.fweb1.restapi.ProfileRestAPIController.post(org.hhwy.fweb1.domain.Profile)
七月 21, 2014 11:03:58 下午 org.springframework.web.servlet.mvc.method.annotation.RequestMappingHandlerMapping registerHandlerMethod
信息: Mapped &quot;{[/api/project/{id}],methods=[GET],params=[],headers=[],consumes=[],produces=[application/json;charset=UTF-8],custom=[]}&quot; onto public org.hhwy.fweb1.domain.Project org.hhwy.fweb1.restapi.ProjectRestAPIController.get(java.lang.String)
七月 21, 2014 11:03:58 下午 org.springframework.web.servlet.mvc.method.annotation.RequestMappingHandlerMapping registerHandlerMethod
信息: Mapped &quot;{[/api/project],methods=[GET],params=[],headers=[],consumes=[],produces=[application/json;charset=UTF-8],custom=[]}&quot; onto public java.util.List&lt;org.hhwy.fweb1.domain.Project&gt; org.hhwy.fweb1.restapi.ProjectRestAPIController.get()
七月 21, 2014 11:03:58 下午 org.springframework.web.servlet.mvc.method.annotation.RequestMappingHandlerMapping registerHandlerMethod
信息: Mapped &quot;{[/api/project/{id}],methods=[PUT],params=[],headers=[],consumes=[],produces=[application/json;charset=UTF-8],custom=[]}&quot; onto public java.lang.String org.hhwy.fweb1.restapi.ProjectRestAPIController.put(org.hhwy.fweb1.domain.Project)
七月 21, 2014 11:03:58 下午 org.springframework.web.servlet.mvc.method.annotation.RequestMappingHandlerMapping registerHandlerMethod
信息: Mapped &quot;{[/api/project/{id}],methods=[DELETE],params=[],headers=[],consumes=[],produces=[application/json;charset=UTF-8],custom=[]}&quot; onto public java.lang.String org.hhwy.fweb1.restapi.ProjectRestAPIController.delete(java.lang.String)
七月 21, 2014 11:03:58 下午 org.springframework.web.servlet.mvc.method.annotation.RequestMappingHandlerMapping registerHandlerMethod
信息: Mapped &quot;{[/api/project/{id}],methods=[POST],params=[],headers=[],consumes=[],produces=[application/json;charset=UTF-8],custom=[]}&quot; onto public java.lang.String org.hhwy.fweb1.restapi.ProjectRestAPIController.post(org.hhwy.fweb1.domain.Project)
七月 21, 2014 11:03:58 下午 org.springframework.web.servlet.mvc.method.annotation.RequestMappingHandlerMapping registerHandlerMethod
信息: Mapped &quot;{[/api/projectsummary/{id}],methods=[GET],params=[],headers=[],consumes=[],produces=[application/json;charset=UTF-8],custom=[]}&quot; onto public org.hhwy.fweb1.domain.ProjectSummary org.hhwy.fweb1.restapi.ProjectSummaryRestAPIController.get(java.lang.String)
七月 21, 2014 11:03:58 下午 org.springframework.web.servlet.mvc.method.annotation.RequestMappingHandlerMapping registerHandlerMethod
信息: Mapped &quot;{[/api/projectsummary],methods=[GET],params=[],headers=[],consumes=[],produces=[application/json;charset=UTF-8],custom=[]}&quot; onto public java.util.List&lt;org.hhwy.fweb1.domain.ProjectSummary&gt; org.hhwy.fweb1.restapi.ProjectSummaryRestAPIController.get()
七月 21, 2014 11:03:58 下午 org.springframework.web.servlet.mvc.method.annotation.RequestMappingHandlerMapping registerHandlerMethod
信息: Mapped &quot;{[/api/projectsummary/{id}],methods=[PUT],params=[],headers=[],consumes=[],produces=[application/json;charset=UTF-8],custom=[]}&quot; onto public java.lang.String org.hhwy.fweb1.restapi.ProjectSummaryRestAPIController.put(org.hhwy.fweb1.domain.ProjectSummary)
七月 21, 2014 11:03:58 下午 org.springframework.web.servlet.mvc.method.annotation.RequestMappingHandlerMapping registerHandlerMethod
信息: Mapped &quot;{[/api/projectsummary/{id}],methods=[DELETE],params=[],headers=[],consumes=[],produces=[application/json;charset=UTF-8],custom=[]}&quot; onto public java.lang.String org.hhwy.fweb1.restapi.ProjectSummaryRestAPIController.delete(java.lang.String)
七月 21, 2014 11:03:58 下午 org.springframework.web.servlet.mvc.method.annotation.RequestMappingHandlerMapping registerHandlerMethod
信息: Mapped &quot;{[/api/projectsummary/{id}],methods=[POST],params=[],headers=[],consumes=[],produces=[application/json;charset=UTF-8],custom=[]}&quot; onto public java.lang.String org.hhwy.fweb1.restapi.ProjectSummaryRestAPIController.post(org.hhwy.fweb1.domain.ProjectSummary)
七月 21, 2014 11:03:58 下午 org.springframework.web.servlet.mvc.method.annotation.RequestMappingHandlerMapping registerHandlerMethod
信息: Mapped &quot;{[/api/sysauthorization/{id}],methods=[GET],params=[],headers=[],consumes=[],produces=[application/json;charset=UTF-8],custom=[]}&quot; onto public org.hhwy.fweb1.domain.SysAuthorization org.hhwy.fweb1.restapi.SysAuthorizationRestAPIController.get(java.lang.String)
七月 21, 2014 11:03:58 下午 org.springframework.web.servlet.mvc.method.annotation.RequestMappingHandlerMapping registerHandlerMethod
信息: Mapped &quot;{[/api/sysauthorization],methods=[GET],params=[],headers=[],consumes=[],produces=[application/json;charset=UTF-8],custom=[]}&quot; onto public java.util.List&lt;org.hhwy.fweb1.domain.SysAuthorization&gt; org.hhwy.fweb1.restapi.SysAuthorizationRestAPIController.get()
七月 21, 2014 11:03:58 下午 org.springframework.web.servlet.mvc.method.annotation.RequestMappingHandlerMapping registerHandlerMethod
信息: Mapped &quot;{[/api/sysauthorization/{id}],methods=[PUT],params=[],headers=[],consumes=[],produces=[application/json;charset=UTF-8],custom=[]}&quot; onto public java.lang.String org.hhwy.fweb1.restapi.SysAuthorizationRestAPIController.put(org.hhwy.fweb1.domain.SysAuthorization)
七月 21, 2014 11:03:58 下午 org.springframework.web.servlet.mvc.method.annotation.RequestMappingHandlerMapping registerHandlerMethod
信息: Mapped &quot;{[/api/sysauthorization/{id}],methods=[DELETE],params=[],headers=[],consumes=[],produces=[application/json;charset=UTF-8],custom=[]}&quot; onto public java.lang.String org.hhwy.fweb1.restapi.SysAuthorizationRestAPIController.delete(java.lang.String)
七月 21, 2014 11:03:58 下午 org.springframework.web.servlet.mvc.method.annotation.RequestMappingHandlerMapping registerHandlerMethod
信息: Mapped &quot;{[/api/sysauthorization/{id}],methods=[POST],params=[],headers=[],consumes=[],produces=[application/json;charset=UTF-8],custom=[]}&quot; onto public java.lang.String org.hhwy.fweb1.restapi.SysAuthorizationRestAPIController.post(org.hhwy.fweb1.domain.SysAuthorization)
七月 21, 2014 11:03:58 下午 org.springframework.web.servlet.mvc.method.annotation.RequestMappingHandlerMapping registerHandlerMethod
信息: Mapped &quot;{[/api/sysorganization/{id}],methods=[GET],params=[],headers=[],consumes=[],produces=[application/json;charset=UTF-8],custom=[]}&quot; onto public org.hhwy.fweb1.domain.SysOrganization org.hhwy.fweb1.restapi.SysOrganizationRestAPIController.get(java.lang.String)
七月 21, 2014 11:03:58 下午 org.springframework.web.servlet.mvc.method.annotation.RequestMappingHandlerMapping registerHandlerMethod
信息: Mapped &quot;{[/api/sysorganization],methods=[GET],params=[],headers=[],consumes=[],produces=[application/json;charset=UTF-8],custom=[]}&quot; onto public java.util.List&lt;org.hhwy.fweb1.domain.SysOrganization&gt; org.hhwy.fweb1.restapi.SysOrganizationRestAPIController.get()
七月 21, 2014 11:03:58 下午 org.springframework.web.servlet.mvc.method.annotation.RequestMappingHandlerMapping registerHandlerMethod
信息: Mapped &quot;{[/api/sysorganization/{id}],methods=[PUT],params=[],headers=[],consumes=[],produces=[application/json;charset=UTF-8],custom=[]}&quot; onto public java.lang.String org.hhwy.fweb1.restapi.SysOrganizationRestAPIController.put(org.hhwy.fweb1.domain.SysOrganization)
七月 21, 2014 11:03:58 下午 org.springframework.web.servlet.mvc.method.annotation.RequestMappingHandlerMapping registerHandlerMethod
信息: Mapped &quot;{[/api/sysorganization/{id}],methods=[DELETE],params=[],headers=[],consumes=[],produces=[application/json;charset=UTF-8],custom=[]}&quot; onto public java.lang.String org.hhwy.fweb1.restapi.SysOrganizationRestAPIController.delete(java.lang.String)
七月 21, 2014 11:03:58 下午 org.springframework.web.servlet.mvc.method.annotation.RequestMappingHandlerMapping registerHandlerMethod
信息: Mapped &quot;{[/api/sysorganization/{id}],methods=[POST],params=[],headers=[],consumes=[],produces=[application/json;charset=UTF-8],custom=[]}&quot; onto public java.lang.String org.hhwy.fweb1.restapi.SysOrganizationRestAPIController.post(org.hhwy.fweb1.domain.SysOrganization)
七月 21, 2014 11:03:58 下午 org.springframework.web.servlet.mvc.method.annotation.RequestMappingHandlerMapping registerHandlerMethod
信息: Mapped &quot;{[/api/sysparameter/{id}],methods=[GET],params=[],headers=[],consumes=[],produces=[application/json;charset=UTF-8],custom=[]}&quot; onto public org.hhwy.fweb1.domain.SysParameter org.hhwy.fweb1.restapi.SysParameterRestAPIController.get(java.lang.String)
七月 21, 2014 11:03:58 下午 org.springframework.web.servlet.mvc.method.annotation.RequestMappingHandlerMapping registerHandlerMethod
信息: Mapped &quot;{[/api/sysparameter],methods=[GET],params=[],headers=[],consumes=[],produces=[application/json;charset=UTF-8],custom=[]}&quot; onto public java.util.List&lt;org.hhwy.fweb1.domain.SysParameter&gt; org.hhwy.fweb1.restapi.SysParameterRestAPIController.get()
七月 21, 2014 11:03:58 下午 org.springframework.web.servlet.mvc.method.annotation.RequestMappingHandlerMapping registerHandlerMethod
信息: Mapped &quot;{[/api/sysparameter/{id}],methods=[PUT],params=[],headers=[],consumes=[],produces=[application/json;charset=UTF-8],custom=[]}&quot; onto public java.lang.String org.hhwy.fweb1.restapi.SysParameterRestAPIController.put(org.hhwy.fweb1.domain.SysParameter)
七月 21, 2014 11:03:58 下午 org.springframework.web.servlet.mvc.method.annotation.RequestMappingHandlerMapping registerHandlerMethod
信息: Mapped &quot;{[/api/sysparameter/{id}],methods=[DELETE],params=[],headers=[],consumes=[],produces=[application/json;charset=UTF-8],custom=[]}&quot; onto public java.lang.String org.hhwy.fweb1.restapi.SysParameterRestAPIController.delete(java.lang.String)
七月 21, 2014 11:03:58 下午 org.springframework.web.servlet.mvc.method.annotation.RequestMappingHandlerMapping registerHandlerMethod
信息: Mapped &quot;{[/api/sysparameter/{id}],methods=[POST],params=[],headers=[],consumes=[],produces=[application/json;charset=UTF-8],custom=[]}&quot; onto public java.lang.String org.hhwy.fweb1.restapi.SysParameterRestAPIController.post(org.hhwy.fweb1.domain.SysParameter)
七月 21, 2014 11:03:58 下午 org.springframework.web.servlet.mvc.method.annotation.RequestMappingHandlerMapping registerHandlerMethod
信息: Mapped &quot;{[/api/sysresource/{id}],methods=[GET],params=[],headers=[],consumes=[],produces=[application/json;charset=UTF-8],custom=[]}&quot; onto public org.hhwy.fweb1.domain.SysResource org.hhwy.fweb1.restapi.SysResourceRestAPIController.get(java.lang.String)
七月 21, 2014 11:03:58 下午 org.springframework.web.servlet.mvc.method.annotation.RequestMappingHandlerMapping registerHandlerMethod
信息: Mapped &quot;{[/api/sysresource],methods=[GET],params=[],headers=[],consumes=[],produces=[application/json;charset=UTF-8],custom=[]}&quot; onto public java.util.List&lt;org.hhwy.fweb1.domain.SysResource&gt; org.hhwy.fweb1.restapi.SysResourceRestAPIController.get()
七月 21, 2014 11:03:58 下午 org.springframework.web.servlet.mvc.method.annotation.RequestMappingHandlerMapping registerHandlerMethod
信息: Mapped &quot;{[/api/sysresource/{id}],methods=[PUT],params=[],headers=[],consumes=[],produces=[application/json;charset=UTF-8],custom=[]}&quot; onto public java.lang.String org.hhwy.fweb1.restapi.SysResourceRestAPIController.put(org.hhwy.fweb1.domain.SysResource)
七月 21, 2014 11:03:58 下午 org.springframework.web.servlet.mvc.method.annotation.RequestMappingHandlerMapping registerHandlerMethod
信息: Mapped &quot;{[/api/sysresource/{id}],methods=[DELETE],params=[],headers=[],consumes=[],produces=[application/json;charset=UTF-8],custom=[]}&quot; onto public java.lang.String org.hhwy.fweb1.restapi.SysResourceRestAPIController.delete(java.lang.String)
七月 21, 2014 11:03:58 下午 org.springframework.web.servlet.mvc.method.annotation.RequestMappingHandlerMapping registerHandlerMethod
信息: Mapped &quot;{[/api/sysresource/{id}],methods=[POST],params=[],headers=[],consumes=[],produces=[application/json;charset=UTF-8],custom=[]}&quot; onto public java.lang.String org.hhwy.fweb1.restapi.SysResourceRestAPIController.post(org.hhwy.fweb1.domain.SysResource)
七月 21, 2014 11:03:58 下午 org.springframework.web.servlet.mvc.method.annotation.RequestMappingHandlerMapping registerHandlerMethod
信息: Mapped &quot;{[/api/sysuser/{id}],methods=[GET],params=[],headers=[],consumes=[],produces=[application/json;charset=UTF-8],custom=[]}&quot; onto public org.hhwy.fweb1.domain.SysUser org.hhwy.fweb1.restapi.SysUserRestAPIController.get(java.lang.String)
七月 21, 2014 11:03:58 下午 org.springframework.web.servlet.mvc.method.annotation.RequestMappingHandlerMapping registerHandlerMethod
信息: Mapped &quot;{[/api/sysuser],methods=[GET],params=[],headers=[],consumes=[],produces=[application/json;charset=UTF-8],custom=[]}&quot; onto public java.util.List&lt;org.hhwy.fweb1.domain.SysUser&gt; org.hhwy.fweb1.restapi.SysUserRestAPIController.get()
七月 21, 2014 11:03:58 下午 org.springframework.web.servlet.mvc.method.annotation.RequestMappingHandlerMapping registerHandlerMethod
信息: Mapped &quot;{[/api/sysuser/{id}],methods=[PUT],params=[],headers=[],consumes=[],produces=[application/json;charset=UTF-8],custom=[]}&quot; onto public java.lang.String org.hhwy.fweb1.restapi.SysUserRestAPIController.put(org.hhwy.fweb1.domain.SysUser)
七月 21, 2014 11:03:58 下午 org.springframework.web.servlet.mvc.method.annotation.RequestMappingHandlerMapping registerHandlerMethod
信息: Mapped &quot;{[/api/sysuser/{id}],methods=[DELETE],params=[],headers=[],consumes=[],produces=[application/json;charset=UTF-8],custom=[]}&quot; onto public java.lang.String org.hhwy.fweb1.restapi.SysUserRestAPIController.delete(java.lang.String)
七月 21, 2014 11:03:58 下午 org.springframework.web.servlet.mvc.method.annotation.RequestMappingHandlerMapping registerHandlerMethod
信息: Mapped &quot;{[/api/sysuser/{id}],methods=[POST],params=[],headers=[],consumes=[],produces=[application/json;charset=UTF-8],custom=[]}&quot; onto public java.lang.String org.hhwy.fweb1.restapi.SysUserRestAPIController.post(org.hhwy.fweb1.domain.SysUser)
七月 21, 2014 11:03:58 下午 org.hibernate.validator.internal.util.Version &lt;clinit&gt;
INFO: HV000001: Hibernate Validator 5.1.1.Final
七月 21, 2014 11:03:59 下午 org.springframework.web.servlet.handler.SimpleUrlHandlerMapping registerHandler
信息: Mapped URL path [/assets/**] onto handler &apos;org.springframework.web.servlet.resource.ResourceHttpRequestHandler#0&apos;
七月 21, 2014 11:03:59 下午 com.mchange.v2.c3p0.impl.AbstractPoolBackedDataSource getPoolManager
信息: Initializing c3p0 pool... com.mchange.v2.c3p0.ComboPooledDataSource [ acquireIncrement -&gt; 3, acquireRetryAttempts -&gt; 30, acquireRetryDelay -&gt; 1000, autoCommitOnClose -&gt; false, automaticTestTable -&gt; null, breakAfterAcquireFailure -&gt; false, checkoutTimeout -&gt; 0, connectionCustomizerClassName -&gt; null, connectionTesterClassName -&gt; com.mchange.v2.c3p0.impl.DefaultConnectionTester, dataSourceName -&gt; 304mir93othv784inlcp|23cb64, debugUnreturnedConnectionStackTraces -&gt; false, description -&gt; null, driverClass -&gt; com.mysql.jdbc.Driver, factoryClassLocation -&gt; null, forceIgnoreUnresolvedTransactions -&gt; false, identityToken -&gt; 304mir93othv784inlcp|23cb64, idleConnectionTestPeriod -&gt; 0, initialPoolSize -&gt; 3, jdbcUrl -&gt; jdbc:mysql://127.0.0.1:3306/hplydb, maxAdministrativeTaskTime -&gt; 0, maxConnectionAge -&gt; 0, maxIdleTime -&gt; 0, maxIdleTimeExcessConnections -&gt; 0, maxPoolSize -&gt; 15, maxStatements -&gt; 0, maxStatementsPerConnection -&gt; 0, minPoolSize -&gt; 3, numHelperThreads -&gt; 3, preferredTestQuery -&gt; null, properties -&gt; {user=******, password=******}, propertyCycle -&gt; 0, statementCacheNumDeferredCloseThreads -&gt; 0, testConnectionOnCheckin -&gt; false, testConnectionOnCheckout -&gt; false, unreturnedConnectionTimeout -&gt; 0, userOverrides -&gt; {}, usesTraditionalReflectiveProxies -&gt; false ]
七月 21, 2014 11:03:59 下午 org.springframework.test.context.transaction.TransactionalTestExecutionListener startNewTransaction
信息: Began transaction (1): transaction manager [org.springframework.jdbc.datasource.DataSourceTransactionManager@172bcb4]; rollback [true]
七月 21, 2014 11:03:59 下午 org.springframework.beans.factory.xml.XmlBeanDefinitionReader loadBeanDefinitions
信息: Loading XML bean definitions from class path resource [org/springframework/jdbc/support/sql-error-codes.xml]
七月 21, 2014 11:03:59 下午 org.springframework.jdbc.support.SQLErrorCodesFactory &lt;init&gt;
信息: SQLErrorCodes loaded: [DB2, Derby, H2, HSQL, Informix, MS-SQL, MySQL, Oracle, PostgreSQL, Sybase]
七月 21, 2014 11:03:59 下午 org.springframework.test.context.transaction.TransactionalTestExecutionListener endTransaction
信息: Rolled back transaction after test execution for test context [TestContext@114b420 testClass = ArrearsServiceTest, testInstance = org.hhwy.fweb1.test.ArrearsServiceTest@3dabb0, testMethod = allServiceTest@ArrearsServiceTest, testException = org.springframework.jdbc.BadSqlGrammarException: 
### Error updating database.  Cause: com.mysql.jdbc.exceptions.jdbc4.MySQLSyntaxErrorException: Unknown column &apos;funds_using&apos; in &apos;field list&apos;
### The error may involve org.hhwy.fweb1.mapper.ArrearsMapper.insert-Inline
### The error occurred while setting parameters
### SQL: insert into t_arrears(id, project_id, arrears_type, pay_type, amount,   interest_amount, interest_rate, bank_account, bank_name, trice,   create_time, create_user, update_time, update_user, description,   funds_using) values ( ?, ?, ?, ?,   ?, ?, ?, ?,   ?, ?, ?, ?, ?,   ?, ?, ? )
### Cause: com.mysql.jdbc.exceptions.jdbc4.MySQLSyntaxErrorException: Unknown column &apos;funds_using&apos; in &apos;field list&apos;
; bad SQL grammar []; nested exception is com.mysql.jdbc.exceptions.jdbc4.MySQLSyntaxErrorException: Unknown column &apos;funds_using&apos; in &apos;field list&apos;, mergedContextConfiguration = [MergedContextConfiguration@d2b0f6 testClass = ArrearsServiceTest, locations = &apos;{file:src/main/resources/applicationContext.xml}&apos;, classes = &apos;{}&apos;, contextInitializerClasses = &apos;[]&apos;, activeProfiles = &apos;{}&apos;, contextLoader = &apos;org.springframework.test.context.support.DelegatingSmartContextLoader&apos;, parent = [null]]]
</system-err>
  </testcase>
</testsuite>