<?xml version="1.0" encoding="UTF-8"?>
<testng-results skipped="0" failed="0" total="1" passed="1">
  <reporter-output>
  </reporter-output>
  <suite name="hply.webapp.T3ServiceTest" duration-ms="281" started-at="2014-07-13T08:02:11Z" finished-at="2014-07-13T08:02:11Z">
    <groups>
    </groups>
    <test name="Command line test" duration-ms="281" started-at="2014-07-13T08:02:11Z" finished-at="2014-07-13T08:02:11Z">
      <class name="hply.webapp.T3ServiceTest">
        <test-method status="PASS" signature="springTestContextPrepareTestInstance()[pri:0, instance:hply.webapp.T3ServiceTest@1a1a1c6]" name="springTestContextPrepareTestInstance" is-config="true" duration-ms="250" started-at="2014-07-13T16:02:11Z" depends-on-methods="org.springframework.test.context.testng.AbstractTestNGSpringContextTests.springTestContextBeforeTestClass" finished-at="2014-07-13T16:02:11Z">
          <reporter-output>
          </reporter-output>
        </test-method> <!-- springTestContextPrepareTestInstance -->
        <test-method status="PASS" signature="springTestContextBeforeTestClass()[pri:0, instance:hply.webapp.T3ServiceTest@1a1a1c6]" name="springTestContextBeforeTestClass" is-config="true" duration-ms="0" started-at="2014-07-13T16:02:11Z" finished-at="2014-07-13T16:02:11Z">
          <reporter-output>
          </reporter-output>
        </test-method> <!-- springTestContextBeforeTestClass -->
        <test-method status="PASS" signature="springTestContextBeforeTestMethod(java.lang.reflect.Method)[pri:0, instance:hply.webapp.T3ServiceTest@1a1a1c6]" name="springTestContextBeforeTestMethod" is-config="true" duration-ms="0" started-at="2014-07-13T16:02:11Z" finished-at="2014-07-13T16:02:11Z">
          <params>
            <param index="0">
              <value>
                <![CDATA[public void hply.webapp.T3ServiceTest.hasMatchUser()]]>
              </value>
            </param>
          </params>
          <reporter-output>
          </reporter-output>
        </test-method> <!-- springTestContextBeforeTestMethod -->
        <test-method status="PASS" signature="hasMatchUser()[pri:0, instance:hply.webapp.T3ServiceTest@1a1a1c6]" name="hasMatchUser" duration-ms="15" started-at="2014-07-13T16:02:11Z" finished-at="2014-07-13T16:02:11Z">
          <reporter-output>
          </reporter-output>
        </test-method> <!-- hasMatchUser -->
        <test-method status="PASS" signature="springTestContextAfterTestClass()[pri:0, instance:hply.webapp.T3ServiceTest@1a1a1c6]" name="springTestContextAfterTestClass" is-config="true" duration-ms="0" started-at="2014-07-13T16:02:11Z" finished-at="2014-07-13T16:02:11Z">
          <reporter-output>
          </reporter-output>
        </test-method> <!-- springTestContextAfterTestClass -->
        <test-method status="PASS" signature="springTestContextAfterTestMethod(java.lang.reflect.Method)[pri:0, instance:hply.webapp.T3ServiceTest@1a1a1c6]" name="springTestContextAfterTestMethod" is-config="true" duration-ms="0" started-at="2014-07-13T16:02:11Z" finished-at="2014-07-13T16:02:11Z">
          <params>
            <param index="0">
              <value>
                <![CDATA[public void hply.webapp.T3ServiceTest.hasMatchUser()]]>
              </value>
            </param>
          </params>
          <reporter-output>
          </reporter-output>
        </test-method> <!-- springTestContextAfterTestMethod -->
      </class> <!-- hply.webapp.T3ServiceTest -->
    </test> <!-- Command line test -->
  </suite> <!-- hply.webapp.T3ServiceTest -->
</testng-results>
